
> my-v0-project@0.1.0 dev
> next dev

   â–² Next.js 14.1.0
   - Local:        http://localhost:3000
   - Environments: .env.local, .env

 âœ“ Ready in 1989ms
 âœ“ Compiled /middleware in 98ms (135 modules)
[Middleware] è·¯å¾„: /api/debug/rag-status, ä¼šè¯çŠ¶æ€: æœªç™»å½•
 âœ“ Compiled /api/debug/rag-status in 317ms (166 modules)
[Middleware] è·¯å¾„: /api/debug/rag-status, ä¼šè¯çŠ¶æ€: æœªç™»å½•
[Middleware] è·¯å¾„: /api/chat, ä¼šè¯çŠ¶æ€: æœªç™»å½•
 âœ“ Compiled /api/chat in 154ms (185 modules)
[èŠå¤©API] å¼€å§‹å¤„ç†è¯·æ±‚
[èŠå¤©API] æ£€æŸ¥ç”¨æˆ·ç™»å½•çŠ¶æ€
[èŠå¤©API] ç”¨æˆ·æœªç™»å½•
[Middleware] è·¯å¾„: /api/upload, ä¼šè¯çŠ¶æ€: æœªç™»å½•
 âœ“ Compiled /api/upload in 29ms (187 modules)
[Upload API] ä¼šè¯çŠ¶æ€: æœªç™»å½•
[Upload API] ç”¨æˆ·æœªç™»å½•æˆ–è®¤è¯å¤±è´¥ï¼Œæ‹’ç»ä¸Šä¼  AuthSessionMissingError: Auth session missing!
    at eval (webpack-internal:///(rsc)/./node_modules/@supabase/auth-js/dist/module/GoTrueClient.js:1227:32)
    at SupabaseAuthClient._useSession (webpack-internal:///(rsc)/./node_modules/@supabase/auth-js/dist/module/GoTrueClient.js:1107:26)
    at async SupabaseAuthClient._getUser (webpack-internal:///(rsc)/./node_modules/@supabase/auth-js/dist/module/GoTrueClient.js:1215:20)
    at async eval (webpack-internal:///(rsc)/./node_modules/@supabase/auth-js/dist/module/GoTrueClient.js:1202:20)
    at async eval (webpack-internal:///(rsc)/./node_modules/@supabase/auth-js/dist/module/GoTrueClient.js:1055:28) {
  __isAuthError: true,
  status: 400,
  code: undefined
}
 âœ“ Compiled in 14ms
[Middleware] è·¯å¾„: /api/debug/rag-status, ä¼šè¯çŠ¶æ€: æœªç™»å½•
 âœ“ Compiled /api/debug/rag-status in 79ms (166 modules)
 âœ“ Compiled in 9ms
[?25h
